<?xml version="1.0" encoding="UTF-8"?>
<testsuite xmlns:xsi="http://www.w3.org/2001/XMLSchema-instance" xsi:noNamespaceSchemaLocation="https://maven.apache.org/surefire/maven-surefire-plugin/xsd/surefire-test-report.xsd" name="testrunner.TestRunner" time="50.992" tests="4" errors="0" skipped="0" failures="0">
  <properties>
[...]
</properties>
  <testcase name="user login eMRB successfully" classname="Login" time="14.001"/>
  <testcase name="Add new project" classname="Project" time="9.029"/>
  <testcase name="Search project" classname="Project" time="13.38"/>
  <testcase name="Delete project" classname="Project" time="13.574"/>
</testsuite>